<?xml version="1.0"?>
<PhoronixTestSuite>
  <TestInformation>
    <Title>Botan</Title>
    <AppVersion>2.17.3</AppVersion>
    <Description>Botan is a BSD-licensed cross-platform open-source C++ crypto library "cryptography toolkit" that supports most publicly known cryptographic algorithms. The project's stated goal is to be "the best option for cryptography in C++ by offering the tools necessary to implement a range of practical systems, such as TLS protocol, X.509 certificates, modern AEAD ciphers, PKCS#11 and TPM hardware support, password hashing, and post quantum crypto schemes."</Description>
    <ResultScale>MiB/s</ResultScale>
    <Proportion>HIB</Proportion>
    <TimesToRun>3</TimesToRun>
  </TestInformation>
  <TestSettings>
    <Default>
      <Arguments>--format=table --msec=15000 </Arguments>
    </Default>
    <Option>
      <DisplayName>Test</DisplayName>
      <Identifier>run-test</Identifier>
      <Menu>
        <Entry>
          <Name>AES-256</Name>
          <Value>AES-256</Value>
        </Entry>
      </Menu>
    </Option>
  </TestSettings>
</PhoronixTestSuite>
