<?xml version="1.0"?>
<PhoronixTestSuite>
  <TestInformation>
    <Title>eSpeak-NG Speech Engine</Title>
    <AppVersion>1.51</AppVersion>
    <Description>This test times how long it takes the eSpeak speech synthesizer to read Project Gutenberg's The Outline of Science and output to a WAV file. This test profile is now tracking the eSpeak-NG version of eSpeak.</Description>
    <ResultScale>Seconds</ResultScale>
    <Proportion>LIB</Proportion>
    <SubTitle>Text-To-Speech Synthesis</SubTitle>
    <TimesToRun>3</TimesToRun>
  </TestInformation>
</PhoronixTestSuite>
