<?xml version="1.0"?>
<PhoronixTestSuite>
  <TestInformation>
    <Title>Crafty</Title>
    <AppVersion>25.2</AppVersion>
    <Description>This is a performance test of Crafty, an advanced open-source chess engine.</Description>
    <ResultScale>Nodes Per Second</ResultScale>
    <Proportion>HIB</Proportion>
    <SubTitle>Elapsed Time</SubTitle>
    <Executable>crafty-benchmark</Executable>
    <TimesToRun>3</TimesToRun>
  </TestInformation>
  <TestSettings>
    <Default>
      <Arguments>bench quit</Arguments>
    </Default>
  </TestSettings>
</PhoronixTestSuite>
