<?xml version="1.0"?>
<PhoronixTestSuite>
  <TestInformation>
    <Title>libjpeg-turbo tjbench</Title>
    <AppVersion>2.1.0</AppVersion>
    <Description>tjbench is a JPEG decompression/compression benchmark that is part of libjpeg-turbo, a JPEG image codec library optimized for SIMD instructions on modern CPU architectures.</Description>
    <ResultScale>Megapixels/sec</ResultScale>
    <Proportion>HIB</Proportion>
    <TimesToRun>3</TimesToRun>
  </TestInformation>
  <TestSettings>
    <Option>
      <DisplayName>Test</DisplayName>
      <Identifier>test</Identifier>
      <Menu>
        <Entry>
          <Name>Decompression Throughput</Name>
          <Value>decompression-throughput</Value>
        </Entry>
      </Menu>
    </Option>
  </TestSettings>
</PhoronixTestSuite>
