<?xml version="1.0"?>
<PhoronixTestSuite>
  <TestInformation>
    <Title>OpenSSL</Title>
    <AppVersion>3.3</AppVersion>
    <Description>OpenSSL is an open-source toolkit that implements SSL (Secure Sockets Layer) and TLS (Transport Layer Security) protocols. This test profile makes use of the built-in "openssl speed" benchmarking capabilities.</Description>
    <Proportion>HIB</Proportion>
    <TimesToRun>3</TimesToRun>
  </TestInformation>
  <TestSettings>
    <Option>
      <DisplayName>Algorithm</DisplayName>
      <Identifier>algo</Identifier>
      <Menu>
        <Entry>
          <Name>RSA4096</Name>
          <Value>rsa4096</Value>
        </Entry>
        <Entry>
          <Name>SHA256</Name>
          <Value>sha256</Value>
        </Entry>
        <Entry>
          <Name>AES-256-GCM</Name>
          <Value>-evp aes-256-gcm</Value>
        </Entry>
      </Menu>
    </Option>
  </TestSettings>
</PhoronixTestSuite>
