<?xml version="1.0"?>
<PhoronixTestSuite>
  <TestInformation>
    <Title>GraphicsMagick</Title>
    <AppVersion>1.3.43</AppVersion>
    <Description>This is a test of GraphicsMagick with its OpenMP implementation that performs various imaging tests on a sample high resolution (currently 15400 x 6940) JPEG image.</Description>
    <ResultScale>Iterations Per Minute</ResultScale>
    <Proportion>HIB</Proportion>
    <TimesToRun>3</TimesToRun>
  </TestInformation>
  <TestSettings>
    <Option>
      <DisplayName>Operation</DisplayName>
      <Identifier>operation</Identifier>
      <Menu>
        <Entry>
          <Name>Resizing</Name>
          <Value>-resize 50%</Value>
        </Entry>
      </Menu>
    </Option>
  </TestSettings>
</PhoronixTestSuite>
