<?xml version="1.0"?>
<PhoronixTestSuite>
  <TestInformation>
    <Title>Ngspice</Title>
    <AppVersion>34</AppVersion>
    <Description>Ngspice is an open-source SPICE circuit simulator. Ngspice was originally based on the Berkeley SPICE electronic circuit simulator. Ngspice supports basic threading using OpenMP. This test profile is making use of the ISCAS 85 benchmark circuits.</Description>
    <ResultScale>Seconds</ResultScale>
    <Proportion>LIB</Proportion>
    <TimesToRun>3</TimesToRun>
  </TestInformation>
  <TestSettings>
    <Default>
      <Arguments>-b -a</Arguments>
    </Default>
    <Option>
      <DisplayName>Circuit</DisplayName>
      <Identifier>circuit</Identifier>
      <Menu>
        <Entry>
          <Name>C2670</Name>
          <Value>~/iscas85Circuits/85/c2670/c2670_ann.net</Value>
        </Entry>
        <Entry>
          <Name>C7552</Name>
          <Value>~/iscas85Circuits/85/c7552p/c7552_ann.net</Value>
        </Entry>
      </Menu>
    </Option>
  </TestSettings>
</PhoronixTestSuite>
