<?xml version="1.0"?>
<PhoronixTestSuite>
  <TestInformation>
    <Title>SciMark</Title>
    <AppVersion>2.0</AppVersion>
    <Description>This test runs the ANSI C version of SciMark 2.0, which is a benchmark for scientific and numerical computing developed by programmers at the National Institute of Standards and Technology. This test is made up of Fast Foruier Transform, Jacobi Successive Over-relaxation, Monte Carlo, Sparse Matrix Multiply, and dense LU matrix factorization benchmarks.</Description>
    <ResultScale>Mflops</ResultScale>
    <Proportion>HIB</Proportion>
    <SubTitle>Composite Score</SubTitle>
    <TimesToRun>3</TimesToRun>
  </TestInformation>
  <TestSettings>
    <Default>
      <AllowCacheShare>TRUE</AllowCacheShare>
    </Default>
    <Option>
      <DisplayName>Computational Test</DisplayName>
      <Identifier>compute-test</Identifier>
      <ArgumentPrefix>TEST_</ArgumentPrefix>
      <ArgumentPostfix></ArgumentPostfix>
      <DefaultEntry>0</DefaultEntry>
      <Menu>
        <Entry>
          <Name>Composite</Name>
          <Value>COMPOSITE</Value>
          <Message></Message>
        </Entry>
        <Entry>
          <Name>Fast Fourier Transform</Name>
          <Value>FFT</Value>
          <Message></Message>
        </Entry>
        <Entry>
          <Name>Jacobi Successive Over-Relaxation</Name>
          <Value>SOR</Value>
          <Message></Message>
        </Entry>
        <Entry>
          <Name>Monte Carlo</Name>
          <Value>MONTE</Value>
          <Message></Message>
        </Entry>
        <Entry>
          <Name>Sparse Matrix Multiply</Name>
          <Value>SPARSE</Value>
          <Message></Message>
        </Entry>
        <Entry>
          <Name>Dense LU Matrix Factorization</Name>
          <Value>DENSE</Value>
          <Message></Message>
        </Entry>
      </Menu>
    </Option>
  </TestSettings>
</PhoronixTestSuite>
