<?xml version="1.0"?>
<PhoronixTestSuite>
  <TestInformation>
    <Title>Zstd Compression</Title>
    <AppVersion>1.5.4</AppVersion>
    <Description>This test measures the time needed to compress/decompress a sample file (silesia.tar) using Zstd (Zstandard) compression with options for different compression levels / settings.</Description>
    <ResultScale>MB/s</ResultScale>
    <Proportion>HIB</Proportion>
    <TimesToRun>3</TimesToRun>
  </TestInformation>
  <TestSettings>
    <Default>
      <Arguments>-S -i30</Arguments>
    </Default>
    <Option>
      <DisplayName>Compression Level</DisplayName>
      <Identifier>compression</Identifier>
      <Menu>
        <Entry>
          <Name>3</Name>
          <Value>-b3</Value>
        </Entry>
        <Entry>
          <Name>8</Name>
          <Value>-b8</Value>
        </Entry>
        <Entry>
          <Name>12</Name>
          <Value>-b12</Value>
        </Entry>
      </Menu>
    </Option>
  </TestSettings>
</PhoronixTestSuite>
