<?xml version="1.0"?>
<PhoronixTestSuite>
  <TestInformation>
    <Title>Z3 Theorem Prover</Title>
    <AppVersion>4.14.1</AppVersion>
    <Description>The Z3 Theorem Prover / SMT solver is developed by Microsoft Research under the MIT license.</Description>
    <ResultScale>Seconds</ResultScale>
    <Proportion>LIB</Proportion>
    <TimesToRun>3</TimesToRun>
  </TestInformation>
  <TestSettings>
    <Option>
      <DisplayName>SMT File</DisplayName>
      <Identifier>file</Identifier>
      <Menu>
        <Entry>
          <Name>1.smt2</Name>
          <Value>1.smt2</Value>
        </Entry>
        <Entry>
          <Name>2.smt2</Name>
          <Value>2.smt2</Value>
        </Entry>
      </Menu>
    </Option>
  </TestSettings>
</PhoronixTestSuite>
