<?xml version="1.0"?>
<PhoronixTestSuite>
  <TestInformation>
    <Title>Primesieve</Title>
    <AppVersion>12.5</AppVersion>
    <Description>Primesieve generates prime numbers using a highly optimized sieve of Eratosthenes implementation. Primesieve primarily benchmarks the CPU's L1/L2 cache performance.</Description>
    <ResultScale>Seconds</ResultScale>
    <Proportion>LIB</Proportion>
    <Executable>primesieve-test</Executable>
    <TimesToRun>3</TimesToRun>
  </TestInformation>
  <TestSettings>
    <Default>
      <PostArguments> --quiet --time</PostArguments>
    </Default>
    <Option>
      <DisplayName>Length</DisplayName>
      <Identifier>length</Identifier>
      <Menu>
        <Entry>
          <Name>1e12</Name>
          <Value>1e12</Value>
          <Message>Quickest</Message>
        </Entry>
      </Menu>
    </Option>
  </TestSettings>
</PhoronixTestSuite>
